<?xml version="1.0" encoding="UTF-8"?>
<testng-results ignored="0" total="16" passed="13" failed="3" skipped="0">
  <reporter-output>
  </reporter-output>
  <suite started-at="2021-10-18T10:08:50Z" name="Suite" finished-at="2021-10-18T10:09:42Z" duration-ms="51830">
    <groups>
    </groups>
    <test started-at="2021-10-18T10:08:50Z" name="RUN ON FIREFOX" finished-at="2021-10-18T10:09:04Z" duration-ms="14126">
      <class name="com.bankgaru.user.Level_03_Page_Object_Pattern">
        <test-method is-config="true" signature="beforeClass(java.lang.String)[pri:0, instance:com.bankgaru.user.Level_03_Page_Object_Pattern@f79e]" started-at="2021-10-18T10:08:50Z" name="beforeClass" finished-at="2021-10-18T10:08:55Z" duration-ms="5086" status="PASS">
          <params>
            <param index="0">
              <value>
                <![CDATA[firefox]]>
              </value>
            </param>
          </params>
          <reporter-output>
          </reporter-output>
        </test-method> <!-- beforeClass -->
        <test-method signature="TC_01_Register_To_System()[pri:0, instance:com.bankgaru.user.Level_03_Page_Object_Pattern@f79e]" started-at="2021-10-18T10:08:55Z" name="TC_01_Register_To_System" finished-at="2021-10-18T10:08:57Z" duration-ms="2204" status="PASS">
          <reporter-output>
          </reporter-output>
        </test-method> <!-- TC_01_Register_To_System -->
        <test-method signature="TC_02_Login_To_System()[pri:0, instance:com.bankgaru.user.Level_03_Page_Object_Pattern@f79e]" started-at="2021-10-18T10:08:57Z" name="TC_02_Login_To_System" finished-at="2021-10-18T10:09:00Z" duration-ms="2337" status="PASS">
          <reporter-output>
          </reporter-output>
        </test-method> <!-- TC_02_Login_To_System -->
        <test-method signature="TC_03_New_Customer()[pri:0, instance:com.bankgaru.user.Level_03_Page_Object_Pattern@f79e]" started-at="2021-10-18T10:09:00Z" name="TC_03_New_Customer" finished-at="2021-10-18T10:09:03Z" duration-ms="2859" status="PASS">
          <reporter-output>
          </reporter-output>
        </test-method> <!-- TC_03_New_Customer -->
        <test-method signature="TC_04_Logout()[pri:0, instance:com.bankgaru.user.Level_03_Page_Object_Pattern@f79e]" started-at="2021-10-18T10:09:03Z" name="TC_04_Logout" finished-at="2021-10-18T10:09:03Z" duration-ms="807" status="PASS">
          <reporter-output>
          </reporter-output>
        </test-method> <!-- TC_04_Logout -->
        <test-method is-config="true" signature="afterClass()[pri:0, instance:com.bankgaru.user.Level_03_Page_Object_Pattern@f79e]" started-at="2021-10-18T10:09:03Z" name="afterClass" finished-at="2021-10-18T10:09:04Z" duration-ms="816" status="PASS">
          <reporter-output>
          </reporter-output>
        </test-method> <!-- afterClass -->
      </class> <!-- com.bankgaru.user.Level_03_Page_Object_Pattern -->
    </test> <!-- RUN ON FIREFOX -->
    <test started-at="2021-10-18T10:09:04Z" name="RUN ON CHROME" finished-at="2021-10-18T10:09:17Z" duration-ms="12789">
      <class name="com.bankgaru.user.Level_03_Page_Object_Pattern">
        <test-method is-config="true" signature="beforeClass(java.lang.String)[pri:0, instance:com.bankgaru.user.Level_03_Page_Object_Pattern@683dbc2c]" started-at="2021-10-18T10:09:04Z" name="beforeClass" finished-at="2021-10-18T10:09:07Z" duration-ms="2658" status="PASS">
          <params>
            <param index="0">
              <value>
                <![CDATA[chrome]]>
              </value>
            </param>
          </params>
          <reporter-output>
          </reporter-output>
        </test-method> <!-- beforeClass -->
        <test-method signature="TC_01_Register_To_System()[pri:0, instance:com.bankgaru.user.Level_03_Page_Object_Pattern@683dbc2c]" started-at="2021-10-18T10:09:07Z" name="TC_01_Register_To_System" finished-at="2021-10-18T10:09:09Z" duration-ms="2581" status="PASS">
          <reporter-output>
          </reporter-output>
        </test-method> <!-- TC_01_Register_To_System -->
        <test-method signature="TC_02_Login_To_System()[pri:0, instance:com.bankgaru.user.Level_03_Page_Object_Pattern@683dbc2c]" started-at="2021-10-18T10:09:09Z" name="TC_02_Login_To_System" finished-at="2021-10-18T10:09:12Z" duration-ms="2884" status="PASS">
          <reporter-output>
          </reporter-output>
        </test-method> <!-- TC_02_Login_To_System -->
        <test-method signature="TC_03_New_Customer()[pri:0, instance:com.bankgaru.user.Level_03_Page_Object_Pattern@683dbc2c]" started-at="2021-10-18T10:09:12Z" name="TC_03_New_Customer" finished-at="2021-10-18T10:09:16Z" duration-ms="3386" status="PASS">
          <reporter-output>
          </reporter-output>
        </test-method> <!-- TC_03_New_Customer -->
        <test-method signature="TC_04_Logout()[pri:0, instance:com.bankgaru.user.Level_03_Page_Object_Pattern@683dbc2c]" started-at="2021-10-18T10:09:16Z" name="TC_04_Logout" finished-at="2021-10-18T10:09:17Z" duration-ms="1141" status="FAIL">
          <exception class="org.openqa.selenium.ElementClickInterceptedException">
            <message>
              <![CDATA[element click intercepted: Element <a href="Logout.php">...</a> is not clickable at point (120, 828). Other element would receive the click: <p align="right">...</p>
  (Session info: chrome=94.0.4606.81)
Build info: version: '3.141.59', revision: 'e82be7d358', time: '2018-11-14T08:25:53'
System info: host: 'DESKTOP-CC5B68O', ip: '192.168.2.93', os.name: 'Windows 10', os.arch: 'amd64', os.version: '10.0', java.version: '16.0.2'
Driver info: org.openqa.selenium.chrome.ChromeDriver
Capabilities {acceptInsecureCerts: false, browserName: chrome, browserVersion: 94.0.4606.81, chrome: {chromedriverVersion: 94.0.4606.61 (418b78f5838ed..., userDataDir: C:\Users\EVOTEK~1\AppData\L...}, goog:chromeOptions: {debuggerAddress: localhost:64721}, javascriptEnabled: true, networkConnectionEnabled: false, pageLoadStrategy: normal, platform: WINDOWS, platformName: WINDOWS, proxy: Proxy(), setWindowRect: true, strictFileInteractability: false, timeouts: {implicit: 0, pageLoad: 300000, script: 30000}, unhandledPromptBehavior: dismiss and notify, webauthn:extension:credBlob: true, webauthn:extension:largeBlob: true, webauthn:virtualAuthenticators: true}
Session ID: 0214ca5fa9b55ab5b78c6b4bf72cfc27]]>
            </message>
            <full-stacktrace>
              <![CDATA[org.openqa.selenium.ElementClickInterceptedException: element click intercepted: Element <a href="Logout.php">...</a> is not clickable at point (120, 828). Other element would receive the click: <p align="right">...</p>
  (Session info: chrome=94.0.4606.81)
Build info: version: '3.141.59', revision: 'e82be7d358', time: '2018-11-14T08:25:53'
System info: host: 'DESKTOP-CC5B68O', ip: '192.168.2.93', os.name: 'Windows 10', os.arch: 'amd64', os.version: '10.0', java.version: '16.0.2'
Driver info: org.openqa.selenium.chrome.ChromeDriver
Capabilities {acceptInsecureCerts: false, browserName: chrome, browserVersion: 94.0.4606.81, chrome: {chromedriverVersion: 94.0.4606.61 (418b78f5838ed..., userDataDir: C:\Users\EVOTEK~1\AppData\L...}, goog:chromeOptions: {debuggerAddress: localhost:64721}, javascriptEnabled: true, networkConnectionEnabled: false, pageLoadStrategy: normal, platform: WINDOWS, platformName: WINDOWS, proxy: Proxy(), setWindowRect: true, strictFileInteractability: false, timeouts: {implicit: 0, pageLoad: 300000, script: 30000}, unhandledPromptBehavior: dismiss and notify, webauthn:extension:credBlob: true, webauthn:extension:largeBlob: true, webauthn:virtualAuthenticators: true}
Session ID: 0214ca5fa9b55ab5b78c6b4bf72cfc27
at java.base/jdk.internal.reflect.NativeConstructorAccessorImpl.newInstance0(Native Method)
at java.base/jdk.internal.reflect.NativeConstructorAccessorImpl.newInstance(NativeConstructorAccessorImpl.java:78)
at java.base/jdk.internal.reflect.DelegatingConstructorAccessorImpl.newInstance(DelegatingConstructorAccessorImpl.java:45)
at java.base/java.lang.reflect.Constructor.newInstanceWithCaller(Constructor.java:499)
at java.base/java.lang.reflect.Constructor.newInstance(Constructor.java:480)
at org.openqa.selenium.remote.http.W3CHttpResponseCodec.createException(W3CHttpResponseCodec.java:187)
at org.openqa.selenium.remote.http.W3CHttpResponseCodec.decode(W3CHttpResponseCodec.java:122)
at org.openqa.selenium.remote.http.W3CHttpResponseCodec.decode(W3CHttpResponseCodec.java:49)
at org.openqa.selenium.remote.HttpCommandExecutor.execute(HttpCommandExecutor.java:158)
at org.openqa.selenium.remote.service.DriverCommandExecutor.execute(DriverCommandExecutor.java:83)
at org.openqa.selenium.remote.RemoteWebDriver.execute(RemoteWebDriver.java:552)
at org.openqa.selenium.remote.RemoteWebElement.execute(RemoteWebElement.java:285)
at org.openqa.selenium.remote.RemoteWebElement.click(RemoteWebElement.java:84)
at commons.AbtractPage.clickToElement(AbtractPage.java:125)
at pageObjects.NewCustomerPageObject.clickToLogoutLink(NewCustomerPageObject.java:79)
at com.bankgaru.user.Level_03_Page_Object_Pattern.TC_04_Logout(Level_03_Page_Object_Pattern.java:114)
at java.base/jdk.internal.reflect.NativeMethodAccessorImpl.invoke0(Native Method)
at java.base/jdk.internal.reflect.NativeMethodAccessorImpl.invoke(NativeMethodAccessorImpl.java:78)
at java.base/jdk.internal.reflect.DelegatingMethodAccessorImpl.invoke(DelegatingMethodAccessorImpl.java:43)
at java.base/java.lang.reflect.Method.invoke(Method.java:567)
at org.testng.internal.MethodInvocationHelper.invokeMethod(MethodInvocationHelper.java:124)
at org.testng.internal.Invoker.invokeMethod(Invoker.java:583)
at org.testng.internal.Invoker.invokeTestMethod(Invoker.java:719)
at org.testng.internal.Invoker.invokeTestMethods(Invoker.java:989)
at org.testng.internal.TestMethodWorker.invokeTestMethods(TestMethodWorker.java:125)
at org.testng.internal.TestMethodWorker.run(TestMethodWorker.java:109)
at org.testng.TestRunner.privateRun(TestRunner.java:648)
at org.testng.TestRunner.run(TestRunner.java:505)
at org.testng.SuiteRunner.runTest(SuiteRunner.java:455)
at org.testng.SuiteRunner.runSequentially(SuiteRunner.java:450)
at org.testng.SuiteRunner.privateRun(SuiteRunner.java:415)
at org.testng.SuiteRunner.run(SuiteRunner.java:364)
at org.testng.SuiteRunnerWorker.runSuite(SuiteRunnerWorker.java:52)
at org.testng.SuiteRunnerWorker.run(SuiteRunnerWorker.java:84)
at org.testng.TestNG.runSuitesSequentially(TestNG.java:1208)
at org.testng.TestNG.runSuitesLocally(TestNG.java:1137)
at org.testng.TestNG.runSuites(TestNG.java:1049)
at org.testng.TestNG.run(TestNG.java:1017)
at org.testng.remote.AbstractRemoteTestNG.run(AbstractRemoteTestNG.java:115)
at org.testng.remote.RemoteTestNG.initAndRun(RemoteTestNG.java:251)
at org.testng.remote.RemoteTestNG.main(RemoteTestNG.java:77)
]]>
            </full-stacktrace>
          </exception> <!-- org.openqa.selenium.ElementClickInterceptedException -->
          <reporter-output>
          </reporter-output>
        </test-method> <!-- TC_04_Logout -->
        <test-method is-config="true" signature="afterClass()[pri:0, instance:com.bankgaru.user.Level_03_Page_Object_Pattern@683dbc2c]" started-at="2021-10-18T10:09:17Z" name="afterClass" finished-at="2021-10-18T10:09:17Z" duration-ms="133" status="PASS">
          <reporter-output>
          </reporter-output>
        </test-method> <!-- afterClass -->
      </class> <!-- com.bankgaru.user.Level_03_Page_Object_Pattern -->
    </test> <!-- RUN ON CHROME -->
    <test started-at="2021-10-18T10:09:17Z" name="RUN ON HEADLESS FIREFOX" finished-at="2021-10-18T10:09:29Z" duration-ms="11804">
      <class name="com.bankgaru.user.Level_03_Page_Object_Pattern">
        <test-method is-config="true" signature="beforeClass(java.lang.String)[pri:0, instance:com.bankgaru.user.Level_03_Page_Object_Pattern@548e6d58]" started-at="2021-10-18T10:09:17Z" name="beforeClass" finished-at="2021-10-18T10:09:21Z" duration-ms="3658" status="PASS">
          <params>
            <param index="0">
              <value>
                <![CDATA[hfirefox]]>
              </value>
            </param>
          </params>
          <reporter-output>
          </reporter-output>
        </test-method> <!-- beforeClass -->
        <test-method signature="TC_01_Register_To_System()[pri:0, instance:com.bankgaru.user.Level_03_Page_Object_Pattern@548e6d58]" started-at="2021-10-18T10:09:21Z" name="TC_01_Register_To_System" finished-at="2021-10-18T10:09:23Z" duration-ms="1984" status="PASS">
          <reporter-output>
          </reporter-output>
        </test-method> <!-- TC_01_Register_To_System -->
        <test-method signature="TC_02_Login_To_System()[pri:0, instance:com.bankgaru.user.Level_03_Page_Object_Pattern@548e6d58]" started-at="2021-10-18T10:09:23Z" name="TC_02_Login_To_System" finished-at="2021-10-18T10:09:25Z" duration-ms="2501" status="PASS">
          <reporter-output>
          </reporter-output>
        </test-method> <!-- TC_02_Login_To_System -->
        <test-method signature="TC_03_New_Customer()[pri:0, instance:com.bankgaru.user.Level_03_Page_Object_Pattern@548e6d58]" started-at="2021-10-18T10:09:25Z" name="TC_03_New_Customer" finished-at="2021-10-18T10:09:28Z" duration-ms="2957" status="PASS">
          <reporter-output>
          </reporter-output>
        </test-method> <!-- TC_03_New_Customer -->
        <test-method signature="TC_04_Logout()[pri:0, instance:com.bankgaru.user.Level_03_Page_Object_Pattern@548e6d58]" started-at="2021-10-18T10:09:28Z" name="TC_04_Logout" finished-at="2021-10-18T10:09:28Z" duration-ms="46" status="FAIL">
          <exception class="org.openqa.selenium.ElementClickInterceptedException">
            <message>
              <![CDATA[Element <a href="Logout.php"> is not clickable at point (120,655) because another element <p> obscures it
Build info: version: '3.141.59', revision: 'e82be7d358', time: '2018-11-14T08:25:53'
System info: host: 'DESKTOP-CC5B68O', ip: '192.168.2.93', os.name: 'Windows 10', os.arch: 'amd64', os.version: '10.0', java.version: '16.0.2'
Driver info: org.openqa.selenium.firefox.FirefoxDriver
Capabilities {acceptInsecureCerts: true, browserName: firefox, browserVersion: 93.0, javascriptEnabled: true, moz:accessibilityChecks: false, moz:buildID: 20210927210923, moz:geckodriverVersion: 0.30.0, moz:headless: true, moz:processID: 11568, moz:profile: C:\Users\Evotek_PC006\AppDa..., moz:shutdownTimeout: 60000, moz:useNonSpecCompliantPointerOrigin: false, moz:webdriverClick: true, pageLoadStrategy: normal, platform: WINDOWS, platformName: WINDOWS, platformVersion: 10.0, proxy: Proxy(), setWindowRect: true, strictFileInteractability: false, timeouts: {implicit: 0, pageLoad: 300000, script: 30000}, unhandledPromptBehavior: dismiss and notify}
Session ID: f41760bc-d04c-4a75-a802-2526e7d1bcc6]]>
            </message>
            <full-stacktrace>
              <![CDATA[org.openqa.selenium.ElementClickInterceptedException: Element <a href="Logout.php"> is not clickable at point (120,655) because another element <p> obscures it
Build info: version: '3.141.59', revision: 'e82be7d358', time: '2018-11-14T08:25:53'
System info: host: 'DESKTOP-CC5B68O', ip: '192.168.2.93', os.name: 'Windows 10', os.arch: 'amd64', os.version: '10.0', java.version: '16.0.2'
Driver info: org.openqa.selenium.firefox.FirefoxDriver
Capabilities {acceptInsecureCerts: true, browserName: firefox, browserVersion: 93.0, javascriptEnabled: true, moz:accessibilityChecks: false, moz:buildID: 20210927210923, moz:geckodriverVersion: 0.30.0, moz:headless: true, moz:processID: 11568, moz:profile: C:\Users\Evotek_PC006\AppDa..., moz:shutdownTimeout: 60000, moz:useNonSpecCompliantPointerOrigin: false, moz:webdriverClick: true, pageLoadStrategy: normal, platform: WINDOWS, platformName: WINDOWS, platformVersion: 10.0, proxy: Proxy(), setWindowRect: true, strictFileInteractability: false, timeouts: {implicit: 0, pageLoad: 300000, script: 30000}, unhandledPromptBehavior: dismiss and notify}
Session ID: f41760bc-d04c-4a75-a802-2526e7d1bcc6
at java.base/jdk.internal.reflect.NativeConstructorAccessorImpl.newInstance0(Native Method)
at java.base/jdk.internal.reflect.NativeConstructorAccessorImpl.newInstance(NativeConstructorAccessorImpl.java:78)
at java.base/jdk.internal.reflect.DelegatingConstructorAccessorImpl.newInstance(DelegatingConstructorAccessorImpl.java:45)
at java.base/java.lang.reflect.Constructor.newInstanceWithCaller(Constructor.java:499)
at java.base/java.lang.reflect.Constructor.newInstance(Constructor.java:480)
at org.openqa.selenium.remote.http.W3CHttpResponseCodec.createException(W3CHttpResponseCodec.java:187)
at org.openqa.selenium.remote.http.W3CHttpResponseCodec.decode(W3CHttpResponseCodec.java:122)
at org.openqa.selenium.remote.http.W3CHttpResponseCodec.decode(W3CHttpResponseCodec.java:49)
at org.openqa.selenium.remote.HttpCommandExecutor.execute(HttpCommandExecutor.java:158)
at org.openqa.selenium.remote.service.DriverCommandExecutor.execute(DriverCommandExecutor.java:83)
at org.openqa.selenium.remote.RemoteWebDriver.execute(RemoteWebDriver.java:552)
at org.openqa.selenium.remote.RemoteWebElement.execute(RemoteWebElement.java:285)
at org.openqa.selenium.remote.RemoteWebElement.click(RemoteWebElement.java:84)
at commons.AbtractPage.clickToElement(AbtractPage.java:125)
at pageObjects.NewCustomerPageObject.clickToLogoutLink(NewCustomerPageObject.java:79)
at com.bankgaru.user.Level_03_Page_Object_Pattern.TC_04_Logout(Level_03_Page_Object_Pattern.java:114)
at java.base/jdk.internal.reflect.NativeMethodAccessorImpl.invoke0(Native Method)
at java.base/jdk.internal.reflect.NativeMethodAccessorImpl.invoke(NativeMethodAccessorImpl.java:78)
at java.base/jdk.internal.reflect.DelegatingMethodAccessorImpl.invoke(DelegatingMethodAccessorImpl.java:43)
at java.base/java.lang.reflect.Method.invoke(Method.java:567)
at org.testng.internal.MethodInvocationHelper.invokeMethod(MethodInvocationHelper.java:124)
at org.testng.internal.Invoker.invokeMethod(Invoker.java:583)
at org.testng.internal.Invoker.invokeTestMethod(Invoker.java:719)
at org.testng.internal.Invoker.invokeTestMethods(Invoker.java:989)
at org.testng.internal.TestMethodWorker.invokeTestMethods(TestMethodWorker.java:125)
at org.testng.internal.TestMethodWorker.run(TestMethodWorker.java:109)
at org.testng.TestRunner.privateRun(TestRunner.java:648)
at org.testng.TestRunner.run(TestRunner.java:505)
at org.testng.SuiteRunner.runTest(SuiteRunner.java:455)
at org.testng.SuiteRunner.runSequentially(SuiteRunner.java:450)
at org.testng.SuiteRunner.privateRun(SuiteRunner.java:415)
at org.testng.SuiteRunner.run(SuiteRunner.java:364)
at org.testng.SuiteRunnerWorker.runSuite(SuiteRunnerWorker.java:52)
at org.testng.SuiteRunnerWorker.run(SuiteRunnerWorker.java:84)
at org.testng.TestNG.runSuitesSequentially(TestNG.java:1208)
at org.testng.TestNG.runSuitesLocally(TestNG.java:1137)
at org.testng.TestNG.runSuites(TestNG.java:1049)
at org.testng.TestNG.run(TestNG.java:1017)
at org.testng.remote.AbstractRemoteTestNG.run(AbstractRemoteTestNG.java:115)
at org.testng.remote.RemoteTestNG.initAndRun(RemoteTestNG.java:251)
at org.testng.remote.RemoteTestNG.main(RemoteTestNG.java:77)
]]>
            </full-stacktrace>
          </exception> <!-- org.openqa.selenium.ElementClickInterceptedException -->
          <reporter-output>
          </reporter-output>
        </test-method> <!-- TC_04_Logout -->
        <test-method is-config="true" signature="afterClass()[pri:0, instance:com.bankgaru.user.Level_03_Page_Object_Pattern@548e6d58]" started-at="2021-10-18T10:09:28Z" name="afterClass" finished-at="2021-10-18T10:09:29Z" duration-ms="653" status="PASS">
          <reporter-output>
          </reporter-output>
        </test-method> <!-- afterClass -->
      </class> <!-- com.bankgaru.user.Level_03_Page_Object_Pattern -->
    </test> <!-- RUN ON HEADLESS FIREFOX -->
    <test started-at="2021-10-18T10:09:29Z" name="RUN ON HEADLESS CHROME" finished-at="2021-10-18T10:09:42Z" duration-ms="13020">
      <class name="com.bankgaru.user.Level_03_Page_Object_Pattern">
        <test-method is-config="true" signature="beforeClass(java.lang.String)[pri:0, instance:com.bankgaru.user.Level_03_Page_Object_Pattern@21b2e768]" started-at="2021-10-18T10:09:29Z" name="beforeClass" finished-at="2021-10-18T10:09:32Z" duration-ms="3069" status="PASS">
          <params>
            <param index="0">
              <value>
                <![CDATA[hchrome]]>
              </value>
            </param>
          </params>
          <reporter-output>
          </reporter-output>
        </test-method> <!-- beforeClass -->
        <test-method signature="TC_01_Register_To_System()[pri:0, instance:com.bankgaru.user.Level_03_Page_Object_Pattern@21b2e768]" started-at="2021-10-18T10:09:32Z" name="TC_01_Register_To_System" finished-at="2021-10-18T10:09:34Z" duration-ms="2325" status="PASS">
          <reporter-output>
          </reporter-output>
        </test-method> <!-- TC_01_Register_To_System -->
        <test-method signature="TC_02_Login_To_System()[pri:0, instance:com.bankgaru.user.Level_03_Page_Object_Pattern@21b2e768]" started-at="2021-10-18T10:09:34Z" name="TC_02_Login_To_System" finished-at="2021-10-18T10:09:37Z" duration-ms="2956" status="PASS">
          <reporter-output>
          </reporter-output>
        </test-method> <!-- TC_02_Login_To_System -->
        <test-method signature="TC_03_New_Customer()[pri:0, instance:com.bankgaru.user.Level_03_Page_Object_Pattern@21b2e768]" started-at="2021-10-18T10:09:37Z" name="TC_03_New_Customer" finished-at="2021-10-18T10:09:41Z" duration-ms="3457" status="PASS">
          <reporter-output>
          </reporter-output>
        </test-method> <!-- TC_03_New_Customer -->
        <test-method signature="TC_04_Logout()[pri:0, instance:com.bankgaru.user.Level_03_Page_Object_Pattern@21b2e768]" started-at="2021-10-18T10:09:41Z" name="TC_04_Logout" finished-at="2021-10-18T10:09:42Z" duration-ms="1118" status="FAIL">
          <exception class="org.openqa.selenium.ElementClickInterceptedException">
            <message>
              <![CDATA[element click intercepted: Element <a href="Logout.php">...</a> is not clickable at point (120, 828). Other element would receive the click: <p align="right">...</p>
  (Session info: headless chrome=94.0.4606.81)
Build info: version: '3.141.59', revision: 'e82be7d358', time: '2018-11-14T08:25:53'
System info: host: 'DESKTOP-CC5B68O', ip: '192.168.2.93', os.name: 'Windows 10', os.arch: 'amd64', os.version: '10.0', java.version: '16.0.2'
Driver info: org.openqa.selenium.chrome.ChromeDriver
Capabilities {acceptInsecureCerts: false, browserName: chrome, browserVersion: 94.0.4606.81, chrome: {chromedriverVersion: 94.0.4606.61 (418b78f5838ed..., userDataDir: C:\Users\EVOTEK~1\AppData\L...}, goog:chromeOptions: {debuggerAddress: localhost:54701}, javascriptEnabled: true, networkConnectionEnabled: false, pageLoadStrategy: normal, platform: WINDOWS, platformName: WINDOWS, proxy: Proxy(), setWindowRect: true, strictFileInteractability: false, timeouts: {implicit: 0, pageLoad: 300000, script: 30000}, unhandledPromptBehavior: dismiss and notify, webauthn:extension:credBlob: true, webauthn:extension:largeBlob: true, webauthn:virtualAuthenticators: true}
Session ID: f711f43b67877289f300bb1da703ceaa]]>
            </message>
            <full-stacktrace>
              <![CDATA[org.openqa.selenium.ElementClickInterceptedException: element click intercepted: Element <a href="Logout.php">...</a> is not clickable at point (120, 828). Other element would receive the click: <p align="right">...</p>
  (Session info: headless chrome=94.0.4606.81)
Build info: version: '3.141.59', revision: 'e82be7d358', time: '2018-11-14T08:25:53'
System info: host: 'DESKTOP-CC5B68O', ip: '192.168.2.93', os.name: 'Windows 10', os.arch: 'amd64', os.version: '10.0', java.version: '16.0.2'
Driver info: org.openqa.selenium.chrome.ChromeDriver
Capabilities {acceptInsecureCerts: false, browserName: chrome, browserVersion: 94.0.4606.81, chrome: {chromedriverVersion: 94.0.4606.61 (418b78f5838ed..., userDataDir: C:\Users\EVOTEK~1\AppData\L...}, goog:chromeOptions: {debuggerAddress: localhost:54701}, javascriptEnabled: true, networkConnectionEnabled: false, pageLoadStrategy: normal, platform: WINDOWS, platformName: WINDOWS, proxy: Proxy(), setWindowRect: true, strictFileInteractability: false, timeouts: {implicit: 0, pageLoad: 300000, script: 30000}, unhandledPromptBehavior: dismiss and notify, webauthn:extension:credBlob: true, webauthn:extension:largeBlob: true, webauthn:virtualAuthenticators: true}
Session ID: f711f43b67877289f300bb1da703ceaa
at java.base/jdk.internal.reflect.NativeConstructorAccessorImpl.newInstance0(Native Method)
at java.base/jdk.internal.reflect.NativeConstructorAccessorImpl.newInstance(NativeConstructorAccessorImpl.java:78)
at java.base/jdk.internal.reflect.DelegatingConstructorAccessorImpl.newInstance(DelegatingConstructorAccessorImpl.java:45)
at java.base/java.lang.reflect.Constructor.newInstanceWithCaller(Constructor.java:499)
at java.base/java.lang.reflect.Constructor.newInstance(Constructor.java:480)
at org.openqa.selenium.remote.http.W3CHttpResponseCodec.createException(W3CHttpResponseCodec.java:187)
at org.openqa.selenium.remote.http.W3CHttpResponseCodec.decode(W3CHttpResponseCodec.java:122)
at org.openqa.selenium.remote.http.W3CHttpResponseCodec.decode(W3CHttpResponseCodec.java:49)
at org.openqa.selenium.remote.HttpCommandExecutor.execute(HttpCommandExecutor.java:158)
at org.openqa.selenium.remote.service.DriverCommandExecutor.execute(DriverCommandExecutor.java:83)
at org.openqa.selenium.remote.RemoteWebDriver.execute(RemoteWebDriver.java:552)
at org.openqa.selenium.remote.RemoteWebElement.execute(RemoteWebElement.java:285)
at org.openqa.selenium.remote.RemoteWebElement.click(RemoteWebElement.java:84)
at commons.AbtractPage.clickToElement(AbtractPage.java:125)
at pageObjects.NewCustomerPageObject.clickToLogoutLink(NewCustomerPageObject.java:79)
at com.bankgaru.user.Level_03_Page_Object_Pattern.TC_04_Logout(Level_03_Page_Object_Pattern.java:114)
at java.base/jdk.internal.reflect.NativeMethodAccessorImpl.invoke0(Native Method)
at java.base/jdk.internal.reflect.NativeMethodAccessorImpl.invoke(NativeMethodAccessorImpl.java:78)
at java.base/jdk.internal.reflect.DelegatingMethodAccessorImpl.invoke(DelegatingMethodAccessorImpl.java:43)
at java.base/java.lang.reflect.Method.invoke(Method.java:567)
at org.testng.internal.MethodInvocationHelper.invokeMethod(MethodInvocationHelper.java:124)
at org.testng.internal.Invoker.invokeMethod(Invoker.java:583)
at org.testng.internal.Invoker.invokeTestMethod(Invoker.java:719)
at org.testng.internal.Invoker.invokeTestMethods(Invoker.java:989)
at org.testng.internal.TestMethodWorker.invokeTestMethods(TestMethodWorker.java:125)
at org.testng.internal.TestMethodWorker.run(TestMethodWorker.java:109)
at org.testng.TestRunner.privateRun(TestRunner.java:648)
at org.testng.TestRunner.run(TestRunner.java:505)
at org.testng.SuiteRunner.runTest(SuiteRunner.java:455)
at org.testng.SuiteRunner.runSequentially(SuiteRunner.java:450)
at org.testng.SuiteRunner.privateRun(SuiteRunner.java:415)
at org.testng.SuiteRunner.run(SuiteRunner.java:364)
at org.testng.SuiteRunnerWorker.runSuite(SuiteRunnerWorker.java:52)
at org.testng.SuiteRunnerWorker.run(SuiteRunnerWorker.java:84)
at org.testng.TestNG.runSuitesSequentially(TestNG.java:1208)
at org.testng.TestNG.runSuitesLocally(TestNG.java:1137)
at org.testng.TestNG.runSuites(TestNG.java:1049)
at org.testng.TestNG.run(TestNG.java:1017)
at org.testng.remote.AbstractRemoteTestNG.run(AbstractRemoteTestNG.java:115)
at org.testng.remote.RemoteTestNG.initAndRun(RemoteTestNG.java:251)
at org.testng.remote.RemoteTestNG.main(RemoteTestNG.java:77)
]]>
            </full-stacktrace>
          </exception> <!-- org.openqa.selenium.ElementClickInterceptedException -->
          <reporter-output>
          </reporter-output>
        </test-method> <!-- TC_04_Logout -->
        <test-method is-config="true" signature="afterClass()[pri:0, instance:com.bankgaru.user.Level_03_Page_Object_Pattern@21b2e768]" started-at="2021-10-18T10:09:42Z" name="afterClass" finished-at="2021-10-18T10:09:42Z" duration-ms="85" status="PASS">
          <reporter-output>
          </reporter-output>
        </test-method> <!-- afterClass -->
      </class> <!-- com.bankgaru.user.Level_03_Page_Object_Pattern -->
    </test> <!-- RUN ON HEADLESS CHROME -->
  </suite> <!-- Suite -->
</testng-results>
